Start testing: Dec 08 15:44 CET
----------------------------------------------------------
1/3 Testing: flock.t
1/3 Test: flock.t
Command: "/home/fra/progetto/build/flock.t"
Directory: /home/fra/progetto/build
"flock.t" start time: Dec 08 15:44 CET
Output:
----------------------------------------------------------
[doctest] doctest version is "2.4.11"
[doctest] run with "--help" for options
===============================================================================
[doctest] test cases:  5 |  5 passed | 0 failed | 0 skipped
[doctest] assertions: 75 | 75 passed | 0 failed |
[doctest] Status: SUCCESS!
<end of output>
Test time =   0.02 sec
----------------------------------------------------------
Test Passed.
"flock.t" end time: Dec 08 15:44 CET
"flock.t" time elapsed: 00:00:00
----------------------------------------------------------

2/3 Testing: boid.t
2/3 Test: boid.t
Command: "/home/fra/progetto/build/boid.t"
Directory: /home/fra/progetto/build
"boid.t" start time: Dec 08 15:44 CET
Output:
----------------------------------------------------------
[doctest] doctest version is "2.4.11"
[doctest] run with "--help" for options
===============================================================================
[doctest] test cases:  4 |  4 passed | 0 failed | 0 skipped
[doctest] assertions: 69 | 69 passed | 0 failed |
[doctest] Status: SUCCESS!
<end of output>
Test time =   0.02 sec
----------------------------------------------------------
Test Passed.
"boid.t" end time: Dec 08 15:44 CET
"boid.t" time elapsed: 00:00:00
----------------------------------------------------------

3/3 Testing: vector.t
3/3 Test: vector.t
Command: "/home/fra/progetto/build/vector.t"
Directory: /home/fra/progetto/build
"vector.t" start time: Dec 08 15:44 CET
Output:
----------------------------------------------------------
[doctest] doctest version is "2.4.11"
[doctest] run with "--help" for options
===============================================================================
[doctest] test cases: 11 | 11 passed | 0 failed | 0 skipped
[doctest] assertions: 39 | 39 passed | 0 failed |
[doctest] Status: SUCCESS!
<end of output>
Test time =   0.02 sec
----------------------------------------------------------
Test Passed.
"vector.t" end time: Dec 08 15:44 CET
"vector.t" time elapsed: 00:00:00
----------------------------------------------------------

End testing: Dec 08 15:44 CET
